




                       MSC.Patran 27.1.801631 Thu Mar 25 06:46:07 PDT 2021 - Analysis Code: MSC.Nastran 
                                           Load Case: SC1:DEFAULT, A1:Static subcase 
                                            Result Stress Tensor,  - Layer Layer 1 
                                                     Entity: Element Tensor


-Entity ID--El. Pos. ID--X Component---Y Component---XY Component-
    8529           0       -85.896233     -2.684487     22.842331
                       MSC.Patran 27.1.801631 Thu Mar 25 06:46:07 PDT 2021 - Analysis Code: MSC.Nastran 
                                           Load Case: SC1:DEFAULT, A1:Static subcase 
                                            Result Stress Tensor,  - Layer Layer 2 
                                                     Entity: Element Tensor


-Entity ID--El. Pos. ID--X Component---Y Component---XY Component-
    8529           0       162.205460    -19.853014      4.761567
                       MSC.Patran 27.1.801631 Thu Mar 25 06:46:07 PDT 2021 - Analysis Code: MSC.Nastran 
                                           Load Case: SC1:DEFAULT, A1:Static subcase 
                                            Result Stress Tensor,  - Layer Layer 3 
                                                     Entity: Element Tensor


-Entity ID--El. Pos. ID--X Component---Y Component---XY Component-
    8529           0      -251.752899      8.212374     -4.806592
                       MSC.Patran 27.1.801631 Thu Mar 25 06:46:07 PDT 2021 - Analysis Code: MSC.Nastran 
                                           Load Case: SC1:DEFAULT, A1:Static subcase 
                                            Result Stress Tensor,  - Layer Layer 4 
                                                     Entity: Element Tensor


-Entity ID--El. Pos. ID--X Component---Y Component---XY Component-
    8529           0        -2.610028     -9.027291    -22.782286
                       MSC.Patran 27.1.801631 Thu Mar 25 06:46:07 PDT 2021 - Analysis Code: MSC.Nastran 
                                           Load Case: SC1:DEFAULT, A1:Static subcase 
                                            Result Stress Tensor,  - Layer Layer 5 
                                                     Entity: Element Tensor


-Entity ID--El. Pos. ID--X Component---Y Component---XY Component-
    8529           0        -3.301444     -9.197532    -22.762272
                       MSC.Patran 27.1.801631 Thu Mar 25 06:46:07 PDT 2021 - Analysis Code: MSC.Nastran 
                                           Load Case: SC1:DEFAULT, A1:Static subcase 
                                            Result Stress Tensor,  - Layer Layer 6 
                                                     Entity: Element Tensor


-Entity ID--El. Pos. ID--X Component---Y Component---XY Component-
    8529           0      -254.506104      7.748039     -4.941667
                       MSC.Patran 27.1.801631 Thu Mar 25 06:46:07 PDT 2021 - Analysis Code: MSC.Nastran 
                                           Load Case: SC1:DEFAULT, A1:Static subcase 
                                            Result Stress Tensor,  - Layer Layer 7 
                                                     Entity: Element Tensor


-Entity ID--El. Pos. ID--X Component---Y Component---XY Component-
    8529           0       155.805634    -20.503164      4.986691
                       MSC.Patran 27.1.801631 Thu Mar 25 06:46:07 PDT 2021 - Analysis Code: MSC.Nastran 
                                           Load Case: SC1:DEFAULT, A1:Static subcase 
                                            Result Stress Tensor,  - Layer Layer 8 
                                                     Entity: Element Tensor


-Entity ID--El. Pos. ID--X Component---Y Component---XY Component-
    8529           0       -96.440216     -3.486456     22.702229


                                                      SUMMARY INFORMATION
                                                  _________________________

                                                         Min/Max Values
    -Source ID--Entity ID---Sub ID----X Component--
Min:     6       8529          0      -254.506104
Max:     2       8529          0       162.205460
    -Source ID--Entity ID---Sub ID----Y Component--
Min:     7       8529          0       -20.503164
Max:     3       8529          0         8.212374
    -Source ID--Entity ID---Sub ID----XY Component-
Min:     4       8529          0       -22.782286
Max:     1       8529          0        22.842331


                                                         Result Sources
-Source Id---Loadcase Name---------Subcase Name---------Layer Name----
      1     SC1:DEFAULT           A1:Static subcase    Layer 1            
      2     SC1:DEFAULT           A1:Static subcase    Layer 2            
      3     SC1:DEFAULT           A1:Static subcase    Layer 3            
      4     SC1:DEFAULT           A1:Static subcase    Layer 4            
      5     SC1:DEFAULT           A1:Static subcase    Layer 5            
      6     SC1:DEFAULT           A1:Static subcase    Layer 6            
      7     SC1:DEFAULT           A1:Static subcase    Layer 7            
      8     SC1:DEFAULT           A1:Static subcase    Layer 8            



